This is pdfTeX, Version 3.1415926-2.3-1.40.12 (MiKTeX 2.9) (preloaded format=pdflatex 2016.9.13)  14 SEP 2016 19:04
entering extended mode
**A1.tex
(C:\Users\John\Desktop\NPMCM\A1.tex
LaTeX2e <2011/06/27>
Babel <v3.8m> and hyphenation patterns for loaded.
(G:\Ctex\CTeX\tex\latex\cct\cctart.cls
Document Class: cctart 2004/10/14 Derived from the `article' class
(G:\Ctex\MiKTeX\tex\latex\base\article.cls
Document Class: article 2007/10/19 v1.4h Standard LaTeX document class
(G:\Ctex\MiKTeX\tex\latex\base\size12.clo
File: size12.clo 2007/10/19 v1.4h Standard LaTeX file (size option)
)
\c@part=\count79
\c@section=\count80
\c@subsection=\count81
\c@subsubsection=\count82
\c@paragraph=\count83
\c@subparagraph=\count84
\c@figure=\count85
\c@table=\count86
\abovecaptionskip=\skip41
\belowcaptionskip=\skip42
\bibindent=\dimen102
)
(G:\Ctex\CTeX\tex\latex\cct\cctbase.sty
Package: cctbase 2006/05/17
 (G:\Ctex\CTeX\tex\latex\cct\CCT.sty
0.61803 [2009/11/20] (G:\Ctex\CTeX\tex\latex\cct\cchead.sty
\!ZihaoNo=\count87
\ccwd=\dimen103
\ccht=\dimen104
\ccdp=\dimen105
\!ccbox=\box26
\!ccbdskip=\skip43
)
Package: CCT 2009/11/20 0.61803
\@CCTcnta=\count88
\@CCTcntb=\count89
\@CCTlastkern=\count90
\@CCTglue=\skip44
\@CCTtoks=\toks14

(G:\Ctex\CTeX\tex\latex\cct\CCT.cfg) (G:\Ctex\CTeX\tex\latex\cct\GBKkern.cfg)
(G:\Ctex\CTeX\tex\latex\CJK\GB\c19song.fd) (\ziti{A}->gbksong)
\@CCTskip=\skip45
)))
(G:\Ctex\MiKTeX\tex\latex\tools\indentfirst.sty
Package: indentfirst 1995/11/23 v1.03 Indent first paragraph (DPC)
)
(G:\Ctex\MiKTeX\tex\latex\setspace\setspace.sty
Package: setspace 2011/12/19 v6.7a set line spacing
)
(G:\Ctex\MiKTeX\tex\latex\paralist\paralist.sty
Package: paralist 2002/03/18 v2.3b Extended list environments (BS)
\pltopsep=\skip46
\plpartopsep=\skip47
\plitemsep=\skip48
\plparsep=\skip49
\pl@lab=\toks15
)
(G:\Ctex\MiKTeX\tex\latex\fancyvrb\fancyvrb.sty
Package: fancyvrb 2008/02/07

Style option: `fancyvrb' v2.7a, with DG/SPQR fixes, and firstline=lastline fix 
<2008/02/07> (tvz) (G:\Ctex\MiKTeX\tex\latex\graphics\keyval.sty
Package: keyval 1999/03/16 v1.13 key=value parser (DPC)
\KV@toks@=\toks16
)
\FV@CodeLineNo=\count91
\FV@InFile=\read1
\FV@TabBox=\box27
\c@FancyVerbLine=\count92
\FV@StepNumber=\count93
\FV@OutFile=\write3
)
(G:\Ctex\MiKTeX\tex\latex\fancybox\fancybox.sty
Package: fancybox 2010/05/15 1.4

Style option: `fancybox' v1.4 <2010/05/15> (tvz)
\@fancybox=\box28
\shadowsize=\dimen106
\@Sbox=\box29
\do@VerbBox=\toks17
\the@fancyput=\toks18
\this@fancyput=\toks19
\EndVerbatimTokens=\toks20
\Verbatim@Outfile=\write4
\Verbatim@Infile=\read2
) (G:\Ctex\MiKTeX\tex\latex\multirow\multirow.sty
\bigstrutjot=\dimen107
)
(G:\Ctex\MiKTeX\tex\latex\booktabs\booktabs.sty
Package: booktabs 2005/04/14 v1.61803 publication quality tables
\heavyrulewidth=\dimen108
\lightrulewidth=\dimen109
\cmidrulewidth=\dimen110
\belowrulesep=\dimen111
\belowbottomsep=\dimen112
\aboverulesep=\dimen113
\abovetopsep=\dimen114
\cmidrulesep=\dimen115
\cmidrulekern=\dimen116
\defaultaddspace=\dimen117
\@cmidla=\count94
\@cmidlb=\count95
\@aboverulesep=\dimen118
\@belowrulesep=\dimen119
\@thisruleclass=\count96
\@lastruleclass=\count97
\@thisrulewidth=\dimen120
)
(G:\Ctex\MiKTeX\tex\latex\titlesec\titlesec.sty
Package: titlesec 2011/12/15 v2.10.0 Sectioning titles
\ttl@box=\box30
\beforetitleunit=\skip50
\aftertitleunit=\skip51
\ttl@plus=\dimen121
\ttl@minus=\dimen122
\ttl@toksa=\toks21
\titlewidth=\dimen123
\titlewidthlast=\dimen124
\titlewidthfirst=\dimen125
)
(G:\Ctex\MiKTeX\tex\latex\ams\math\amsmath.sty
Package: amsmath 2000/07/18 v2.13 AMS math features
\@mathmargin=\skip52

For additional information on amsmath, use the `?' option.
(G:\Ctex\MiKTeX\tex\latex\ams\math\amstext.sty
Package: amstext 2000/06/29 v2.01

(G:\Ctex\MiKTeX\tex\latex\ams\math\amsgen.sty
File: amsgen.sty 1999/11/30 v2.0
\@emptytoks=\toks22
\ex@=\dimen126
))
(G:\Ctex\MiKTeX\tex\latex\ams\math\amsbsy.sty
Package: amsbsy 1999/11/29 v1.2d
\pmbraise@=\dimen127
)
(G:\Ctex\MiKTeX\tex\latex\ams\math\amsopn.sty
Package: amsopn 1999/12/14 v2.01 operator names
)
\inf@bad=\count98
LaTeX Info: Redefining \frac on input line 211.
\uproot@=\count99
\leftroot@=\count100
LaTeX Info: Redefining \overline on input line 307.
\classnum@=\count101
\DOTSCASE@=\count102
LaTeX Info: Redefining \ldots on input line 379.
LaTeX Info: Redefining \dots on input line 382.
LaTeX Info: Redefining \cdots on input line 467.
\Mathstrutbox@=\box31
\strutbox@=\box32
\big@size=\dimen128
LaTeX Font Info:    Redeclaring font encoding OML on input line 567.
LaTeX Font Info:    Redeclaring font encoding OMS on input line 568.
\macc@depth=\count103
\c@MaxMatrixCols=\count104
\dotsspace@=\muskip10
\c@parentequation=\count105
\dspbrk@lvl=\count106
\tag@help=\toks23
\row@=\count107
\column@=\count108
\maxfields@=\count109
\andhelp@=\toks24
\eqnshift@=\dimen129
\alignsep@=\dimen130
\tagshift@=\dimen131
\tagwidth@=\dimen132
\totwidth@=\dimen133
\lineht@=\dimen134
\@envbody=\toks25
\multlinegap=\skip53
\multlinetaggap=\skip54
\mathdisplay@stack=\toks26
LaTeX Info: Redefining \[ on input line 2666.
LaTeX Info: Redefining \] on input line 2667.
)
(G:\Ctex\MiKTeX\tex\latex\cases\cases.sty
Package: cases 2002/05/02 ver 2.5 
)
(G:\Ctex\MiKTeX\tex\latex\psnfss\pifont.sty
Package: pifont 2005/04/12 PSNFSS-v9.2a Pi font support (SPQR) 
LaTeX Font Info:    Try loading font information for U+pzd on input line 63.

(G:\Ctex\MiKTeX\tex\latex\psnfss\upzd.fd
File: upzd.fd 2001/06/04 font definitions for U/pzd.
)
LaTeX Font Info:    Try loading font information for U+psy on input line 64.

(G:\Ctex\MiKTeX\tex\latex\psnfss\upsy.fd
File: upsy.fd 2001/06/04 font definitions for U/psy.
))
(G:\Ctex\MiKTeX\tex\latex\jknappen\mathrsfs.sty
Package: mathrsfs 1996/01/01 Math RSFS package v1.0 (jk)
\symrsfs=\mathgroup4
)
(G:\Ctex\MiKTeX\tex\latex\slashbox\slashbox.sty
slashbox style by K.Yasuoka, May 1993.
\@slashboxa=\box33
\@slashboxb=\box34
\@slashboxc=\box35
\@slashboxwd=\count110
\@slashboxht=\count111
\@slashsepl=\dimen135
\@slashsepr=\dimen136
) (G:\Ctex\MiKTeX\tex\latex\amsfonts\amsfonts.sty
Package: amsfonts 2009/06/22 v3.00 Basic AMSFonts support
\symAMSa=\mathgroup5
\symAMSb=\mathgroup6
LaTeX Font Info:    Overwriting math alphabet `\mathfrak' in version `bold'
(Font)                  U/euf/m/n --> U/euf/b/n on input line 96.
)
(G:\Ctex\MiKTeX\tex\latex\base\fontenc.sty
Package: fontenc 2005/09/27 v1.99g Standard LaTeX package

(G:\Ctex\MiKTeX\tex\latex\base\t1enc.def
File: t1enc.def 2005/09/27 v1.99g Standard LaTeX file
LaTeX Font Info:    Redeclaring font encoding T1 on input line 43.
)) (G:\Ctex\MiKTeX\tex\latex\ae\ae.sty
Package: ae 2001/02/12 1.3 Almost European Computer Modern

(G:\Ctex\MiKTeX\tex\latex\base\fontenc.sty
Package: fontenc 2005/09/27 v1.99g Standard LaTeX package

(G:\Ctex\MiKTeX\tex\latex\base\t1enc.def
File: t1enc.def 2005/09/27 v1.99g Standard LaTeX file
LaTeX Font Info:    Redeclaring font encoding T1 on input line 43.
)
LaTeX Font Info:    Try loading font information for T1+aer on input line 100.
 (G:\Ctex\MiKTeX\tex\latex\ae\t1aer.fd
File: t1aer.fd 1997/11/16 Font definitions for T1/aer.
))) (G:\Ctex\MiKTeX\tex\latex\fancyhdr\fancyhdr.sty
\fancy@headwidth=\skip55
\f@ncyO@elh=\skip56
\f@ncyO@erh=\skip57
\f@ncyO@olh=\skip58
\f@ncyO@orh=\skip59
\f@ncyO@elf=\skip60
\f@ncyO@erf=\skip61
\f@ncyO@olf=\skip62
\f@ncyO@orf=\skip63
)
(G:\Ctex\MiKTeX\tex\latex\graphics\color.sty
Package: color 2005/11/14 v1.0j Standard LaTeX Color (DPC)

(G:\Ctex\MiKTeX\tex\latex\00miktex\color.cfg
File: color.cfg 2007/01/18 v1.5 color configuration of teTeX/TeXLive
)
Package color Info: Driver file: pdftex.def on input line 130.

(G:\Ctex\MiKTeX\tex\latex\pdftex-def\pdftex.def
File: pdftex.def 2011/05/27 v0.06d Graphics/color for pdfTeX

(G:\Ctex\MiKTeX\tex\generic\oberdiek\infwarerr.sty
Package: infwarerr 2010/04/08 v1.3 Providing info/warning/message (HO)
)
(G:\Ctex\MiKTeX\tex\generic\oberdiek\ltxcmds.sty
Package: ltxcmds 2011/04/18 v1.20 LaTeX kernel commands for general use (HO)
)
\Gread@gobject=\count112
))
(G:\Ctex\MiKTeX\tex\latex\picins\picins.sty
Option `picins' Version 3.0 Sep. 1992, TH Darmstadt/HRZ
\@BILD=\box36
\@TEXT=\box37
\d@breite=\dimen137
\d@hoehe=\dimen138
\d@xoff=\dimen139
\d@yoff=\dimen140
\d@shad=\dimen141
\d@dash=\dimen142
\d@boxl=\dimen143
\d@pichskip=\dimen144
\d@tmp=\dimen145
\d@tmpa=\dimen146
\d@bskip=\dimen147
\hsiz@=\dimen148
\p@getot@l=\dimen149
\c@breite=\count113
\c@hoehe=\count114
\c@xoff=\count115
\c@yoff=\count116
\c@pos=\count117
\c@shad=\count118
\c@dash=\count119
\c@boxl=\count120
\c@zeilen=\count121
\@changemode=\count122
\c@piccaption=\count123
\c@piccaptionpos=\count124
\c@picpos=\count125
\c@whole=\count126
\c@half=\count127
\c@tmp=\count128
\c@tmpa=\count129
\c@tmpb=\count130
\c@tmpc=\count131
\c@tmpd=\count132
\d@leftskip=\skip64
\ptoti=\dimen150
\ptotii=\dimen151
\env@box=\box38
\d@envdp=\dimen152
\c@hsize=\count133
\c@envdp=\count134
\d@envb=\dimen153
)
(G:\Ctex\MiKTeX\tex\latex\wrapfig\wrapfig.sty
\wrapoverhang=\dimen154
\WF@size=\dimen155
\c@WF@wrappedlines=\count135
\WF@box=\box39
\WF@everypar=\toks27
Package: wrapfig 2003/01/31  v 3.6
)
(G:\Ctex\MiKTeX\tex\latex\graphics\graphicx.sty
Package: graphicx 1999/02/16 v1.0f Enhanced LaTeX Graphics (DPC,SPQR)

(G:\Ctex\MiKTeX\tex\latex\graphics\graphics.sty
Package: graphics 2009/02/05 v1.0o Standard LaTeX Graphics (DPC,SPQR)

(G:\Ctex\MiKTeX\tex\latex\graphics\trig.sty
Package: trig 1999/03/16 v1.09 sin cos tan (DPC)
)
(G:\Ctex\MiKTeX\tex\latex\00miktex\graphics.cfg
File: graphics.cfg 2007/01/18 v1.5 graphics configuration of teTeX/TeXLive
)
Package graphics Info: Driver file: pdftex.def on input line 91.
)
\Gin@req@height=\dimen156
\Gin@req@width=\dimen157
)
(G:\Ctex\MiKTeX\tex\latex\amsfonts\amssymb.sty
Package: amssymb 2009/06/22 v3.00
)
(G:\Ctex\MiKTeX\tex\latex\ams\classes\amsthm.sty
Package: amsthm 2004/08/06 v2.20
\thm@style=\toks28
\thm@bodyfont=\toks29
\thm@headfont=\toks30
\thm@notefont=\toks31
\thm@headpunct=\toks32
\thm@preskip=\skip65
\thm@postskip=\skip66
\thm@headsep=\skip67
\dth@everypar=\toks33
)
(G:\Ctex\MiKTeX\tex\latex\graphics\epsfig.sty
Package: epsfig 1999/02/16 v1.7a (e)psfig emulation (SPQR)
\epsfxsize=\dimen158
\epsfysize=\dimen159
)
(G:\Ctex\MiKTeX\tex\latex\tools\longtable.sty
Package: longtable 2004/02/01 v4.11 Multi-page Table package (DPC)
\LTleft=\skip68
\LTright=\skip69
\LTpre=\skip70
\LTpost=\skip71
\LTchunksize=\count136
\LTcapwidth=\dimen160
\LT@head=\box40
\LT@firsthead=\box41
\LT@foot=\box42
\LT@lastfoot=\box43
\LT@cols=\count137
\LT@rows=\count138
\c@LT@tables=\count139
\c@LT@chunks=\count140
\LT@p@ftn=\toks34
)
(G:\Ctex\MiKTeX\tex\latex\subfigure\subfigure.sty
Package: subfigure 2002/07/30 v2.1.4 subfigure package
\subfigtopskip=\skip72
\subfigcapskip=\skip73
\subfigcaptopadj=\dimen161
\subfigbottomskip=\skip74
\subfigcapmargin=\dimen162
\subfiglabelskip=\skip75
\c@subfigure=\count141
\c@lofdepth=\count142
\c@subtable=\count143
\c@lotdepth=\count144

****************************************
* Local config file subfigure.cfg used *
****************************************
(G:\Ctex\MiKTeX\tex\latex\subfigure\subfigure.cfg)
\subfig@top=\skip76
\subfig@bottom=\skip77
)
(G:\Ctex\MiKTeX\tex\latex\bbding\bbding.sty
Package: bbding 1999/04/15 v1.01 Dingbats symbols
)
(G:\Ctex\MiKTeX\tex\latex\geometry\geometry.sty
Package: geometry 2010/09/12 v5.6 Page Geometry

(G:\Ctex\MiKTeX\tex\generic\oberdiek\ifpdf.sty
Package: ifpdf 2011/01/30 v2.3 Provides the ifpdf switch (HO)
Package ifpdf Info: pdfTeX in PDF mode is detected.
)
(G:\Ctex\MiKTeX\tex\generic\oberdiek\ifvtex.sty
Package: ifvtex 2010/03/01 v1.5 Switches for detecting VTeX and its modes (HO)
Package ifvtex Info: VTeX not detected.
)
(G:\Ctex\MiKTeX\tex\generic\ifxetex\ifxetex.sty
Package: ifxetex 2010/09/12 v0.6 Provides ifxetex conditional
)
\Gm@cnth=\count145
\Gm@cntv=\count146
\c@Gm@tempcnt=\count147
\Gm@bindingoffset=\dimen163
\Gm@wd@mp=\dimen164
\Gm@odd@mp=\dimen165
\Gm@even@mp=\dimen166
\Gm@layoutwidth=\dimen167
\Gm@layoutheight=\dimen168
\Gm@layouthoffset=\dimen169
\Gm@layoutvoffset=\dimen170
\Gm@dimlist=\toks35

(G:\Ctex\MiKTeX\tex\latex\geometry\geometry.cfg))

LaTeX Warning: Unused global option(s):
    [twosides].

(C:\Users\John\Desktop\NPMCM\A1.aux)
LaTeX Font Info:    Checking defaults for OML/cmm/m/it on input line 59.
LaTeX Font Info:    ... okay on input line 59.
LaTeX Font Info:    Checking defaults for T1/cmr/m/n on input line 59.
LaTeX Font Info:    ... okay on input line 59.
LaTeX Font Info:    Checking defaults for OT1/cmr/m/n on input line 59.
LaTeX Font Info:    ... okay on input line 59.
LaTeX Font Info:    Checking defaults for OMS/cmsy/m/n on input line 59.
LaTeX Font Info:    ... okay on input line 59.
LaTeX Font Info:    Checking defaults for OMX/cmex/m/n on input line 59.
LaTeX Font Info:    ... okay on input line 59.
LaTeX Font Info:    Checking defaults for U/cmr/m/n on input line 59.
LaTeX Font Info:    ... okay on input line 59.

(G:\Ctex\MiKTeX\tex\context\base\supp-pdf.mkii
[Loading MPS to PDF converter (version 2006.09.02).]
\scratchcounter=\count148
\scratchdimen=\dimen171
\scratchbox=\box44
\nofMPsegments=\count149
\nofMParguments=\count150
\everyMPshowfont=\toks36
\MPscratchCnt=\count151
\MPscratchDim=\dimen172
\MPnumerator=\count152
\makeMPintoPDFobject=\count153
\everyMPtoPDFconversion=\toks37
)
*geometry* driver: auto-detecting
*geometry* detected driver: pdftex
*geometry* verbose mode - [ preamble ] result:
* driver: pdftex
* paper: a4paper
* layout: <same size as paper>
* layoutoffset:(h,v)=(0.0pt,0.0pt)
* modes: 
* h-part:(L,W,R)=(71.13188pt, 455.24411pt, 71.13188pt)
* v-part:(T,H,B)=(72.26999pt, 700.50687pt, 72.26999pt)
* \paperwidth=597.50787pt
* \paperheight=845.04684pt
* \textwidth=455.24411pt
* \textheight=700.50687pt
* \oddsidemargin=-1.1381pt
* \evensidemargin=-1.1381pt
* \topmargin=-37.0pt
* \headheight=12.0pt
* \headsep=25.0pt
* \topskip=12.0pt
* \footskip=30.0pt
* \marginparwidth=35.0pt
* \marginparsep=10.0pt
* \columnsep=10.0pt
* \skip\footins=10.8pt plus 4.0pt minus 2.0pt
* \hoffset=0.0pt
* \voffset=0.0pt
* \mag=1000
* \@twocolumnfalse
* \@twosidefalse
* \@mparswitchfalse
* \@reversemarginfalse
* (1in=72.27pt=25.4mm, 1cm=28.453pt)

LaTeX Font Info:    Try loading font information for U+rsfs on input line 65.
(G:\Ctex\MiKTeX\tex\latex\jknappen\ursfs.fd
File: ursfs.fd 1998/03/24 rsfs font definition file (jk)
)
LaTeX Font Info:    Try loading font information for U+msa on input line 65.

(G:\Ctex\MiKTeX\tex\latex\amsfonts\umsa.fd
File: umsa.fd 2009/06/22 v3.00 AMS symbols A
)
LaTeX Font Info:    Try loading font information for U+msb on input line 65.

(G:\Ctex\MiKTeX\tex\latex\amsfonts\umsb.fd
File: umsb.fd 2009/06/22 v3.00 AMS symbols B
)
(G:\Ctex\CTeX\tex\latex\CJK\GB\c19hei.fd) (\ziti{B}->gbkhei)
Loading punctuation table gbkhei.tbl [1

{G:/Ctex/UserData/pdftex/config/pdftex.map{Unicode.sfd}{UGBK.sfd}}] <MCM.jpg, i
d=37, 675.52374pt x 675.52374pt>
File: MCM.jpg Graphic file (type jpg)

<use MCM.jpg>
Package pdftex.def Info: MCM.jpg used on input line 144.
(pdftex.def)             Requested size: 76.8229pt x 76.8229pt.
 <chongqing.jpg, id=38, 207.77625pt x 207.77625pt>
File: chongqing.jpg Graphic file (type jpg)

<use chongqing.jpg>
Package pdftex.def Info: chongqing.jpg used on input line 146.
(pdftex.def)             Requested size: 76.8221pt x 76.8221pt.
 <huawei.jpg, id=39, 97.11281pt x 97.11281pt>
File: huawei.jpg Graphic file (type jpg)

<use huawei.jpg>
Package pdftex.def Info: huawei.jpg used on input line 148.
(pdftex.def)             Requested size: 76.82347pt x 76.82347pt.
 [2 <C:/Users/John/Desktop/NPMCM/MCM.jpg> <C:/Users/John/Desktop/NPMCM/chongqin
g.jpg> <C:/Users/John/Desktop/NPMCM/huawei.jpg>]
(C:\Users\John\Desktop\NPMCM\A1.toc)
\tf@toc=\write5
 [3] [1]
(C:\Users\John\Desktop\NPMCM\A1.aux) ) 
Here is how much of TeX's memory you used:
 5380 strings out of 495354
 67514 string characters out of 3183859
 140226 words of memory out of 3000000
 8339 multiletter control sequences out of 15000+200000
 44574 words of font info for 127 fonts, out of 3000000 for 9000
 14 hyphenation exceptions out of 8191
 29i,10n,43p,781b,277s stack positions out of 5000i,500n,10000p,200000b,50000s
<C:/windows/Fonts/simhei.ttf><C:/windows/
Fonts/simhei.ttf><G:/Ctex/CTeX/fonts/truetype/chinese/simsun.ttf><C:/windows/Fo
nts/simhei.ttf><C:/windows/Fonts/simhei.ttf><G:/Ctex/CTeX/fonts/truetype/chines
e/simsun.ttf><G:/Ctex/CTeX/fonts/truetype/chinese/simsun.ttf><G:/Ctex/CTeX/font
s/truetype/chinese/simsun.ttf><G:/Ctex/CTeX/fonts/truetype/chinese/simsun.ttf><
G:/Ctex/CTeX/fonts/truetype/chinese/simsun.ttf><G:/Ctex/CTeX/fonts/truetype/chi
nese/simsun.ttf><G:/Ctex/CTeX/fonts/truetype/chinese/simsun.ttf><G:/Ctex/CTeX/f
onts/truetype/chinese/simsun.ttf><G:/Ctex/CTeX/fonts/truetype/chinese/simsun.tt
f><G:/Ctex/CTeX/fonts/truetype/chinese/simsun.ttf><G:/Ctex/CTeX/fonts/truetype/
chinese/simsun.ttf><G:/Ctex/CTeX/fonts/truetype/chinese/simsun.ttf><C:/windows/
Fonts/simhei.ttf><C:/windows/Fonts/simhei.ttf><C:/windows/Fonts/simhei.ttf><C:/
windows/Fonts/simhei.ttf><C:/windows/Fonts/simhei.ttf><C:/windows/Fonts/simhei.
ttf><C:/windows/Fonts/simhei.ttf><C:/windows/Fonts/simhei.ttf><C:/windows/Fonts
/simhei.ttf><C:/windows/Fonts/simhei.ttf><C:/windows/Fonts/simhei.ttf><C:/windo
ws/Fonts/simhei.ttf><C:/windows/Fonts/simhei.ttf><C:/windows/Fonts/simhei.ttf><
C:/windows/Fonts/simhei.ttf><C:/windows/Fonts/simhei.ttf><G:/Ctex/CTeX/fonts/tr
uetype/chinese/simsun.ttf><G:/Ctex/CTeX/fonts/truetype/chinese/simsun.ttf><G:/C
tex/CTeX/fonts/truetype/chinese/simsun.ttf><G:/Ctex/CTeX/fonts/truetype/chinese
/simsun.ttf><G:/Ctex/MiKTeX/fonts/type1/public/amsfonts/cm/cmbx12.pfb><G:/Ctex/
MiKTeX/fonts/type1/public/amsfonts/cm/cmr12.pfb><G:/Ctex/MiKTeX/fonts/type1/pub
lic/amsfonts/cm/cmr17.pfb>
Output written on A1.pdf (4 pages, 292567 bytes).
PDF statistics:
 178 PDF objects out of 1000 (max. 8388607)
 0 named destinations out of 1000 (max. 500000)
 16 words of extra memory for PDF output out of 10000 (max. 10000000)

